Flow report for BDCDrv
Thu Apr 28 11:31:37 2022
Quartus II 64-Bit Version 13.0.1 Build 232 06/12/2013 Service Pack 1 SJ Full Version


---------------------
; Table of Contents ;
---------------------
  1. Legal Notice
  2. Flow Summary
  3. Flow Settings
  4. Flow Non-Default Global Settings
  5. Flow Elapsed Time
  6. Flow OS Summary
  7. Flow Log
  8. Flow Messages
  9. Flow Suppressed Messages



----------------
; Legal Notice ;
----------------
Copyright (C) 1991-2013 Altera Corporation
Your use of Altera Corporation's design tools, logic functions 
and other software and tools, and its AMPP partner logic 
functions, and any output files from any of the foregoing 
(including device programming or simulation files), and any 
associated documentation or information are expressly subject 
to the terms and conditions of the Altera Program License 
Subscription Agreement, Altera MegaCore Function License 
Agreement, or other applicable license agreement, including, 
without limitation, that your use is for the sole purpose of 
programming logic devices manufactured by Altera and sold by 
Altera or its authorized distributors.  Please refer to the 
applicable agreement for further details.



+---------------------------------------------------------------------------------------+
; Flow Summary                                                                          ;
+------------------------------------+--------------------------------------------------+
; Flow Status                        ; Successful - Thu Apr 28 11:31:34 2022            ;
; Quartus II 64-Bit Version          ; 13.0.1 Build 232 06/12/2013 SP 1 SJ Full Version ;
; Revision Name                      ; BDCDrv                                           ;
; Top-level Entity Name              ; led_ctl_by_uart                                  ;
; Family                             ; Cyclone III                                      ;
; Device                             ; EP3C80F484I7                                     ;
; Timing Models                      ; Final                                            ;
; Total logic elements               ; 1,556 / 81,264 ( 2 % )                           ;
;     Total combinational functions  ; 1,235 / 81,264 ( 2 % )                           ;
;     Dedicated logic registers      ; 964 / 81,264 ( 1 % )                             ;
; Total registers                    ; 964                                              ;
; Total pins                         ; 10 / 296 ( 3 % )                                 ;
; Total virtual pins                 ; 0                                                ;
; Total memory bits                  ; 1,966,080 / 2,810,880 ( 70 % )                   ;
; Embedded Multiplier 9-bit elements ; 0 / 488 ( 0 % )                                  ;
; Total PLLs                         ; 0 / 4 ( 0 % )                                    ;
+------------------------------------+--------------------------------------------------+


+-----------------------------------------+
; Flow Settings                           ;
+-------------------+---------------------+
; Option            ; Setting             ;
+-------------------+---------------------+
; Start date & time ; 04/27/2022 15:18:30 ;
; Main task         ; Compilation         ;
; Revision Name     ; BDCDrv              ;
+-------------------+---------------------+


+--------------------------------------------------------------------------------------------------------------------------------------------------------------------------------------------------+
; Flow Non-Default Global Settings                                                                                                                                                                 ;
+-------------------------------------+-------------------------------------------------------------------------------------------------------+---------------+-----------------+------------------+
; Assignment Name                     ; Value                                                                                                 ; Default Value ; Entity Name     ; Section Id       ;
+-------------------------------------+-------------------------------------------------------------------------------------------------------+---------------+-----------------+------------------+
; COMPILER_SIGNATURE_ID               ; 39908802643064.165104391010688                                                                        ; --            ; --              ; --               ;
; ENABLE_SIGNALTAP                    ; On                                                                                                    ; --            ; --              ; --               ;
; IP_TOOL_NAME                        ; ALTPLL                                                                                                ; --            ; --              ; --               ;
; IP_TOOL_VERSION                     ; 13.0                                                                                                  ; --            ; --              ; --               ;
; MAX_CORE_JUNCTION_TEMP              ; 100                                                                                                   ; --            ; --              ; --               ;
; MIN_CORE_JUNCTION_TEMP              ; -40                                                                                                   ; --            ; --              ; --               ;
; MISC_FILE                           ; pll_100mhz_inst.v                                                                                     ; --            ; --              ; --               ;
; MISC_FILE                           ; pll_100mhz_bb.v                                                                                       ; --            ; --              ; --               ;
; MISC_FILE                           ; pll_100mhz.ppf                                                                                        ; --            ; --              ; --               ;
; OUTPUT_IO_TIMING_FAR_END_VMEAS      ; Half Signal Swing                                                                                     ; --            ; --              ; --               ;
; OUTPUT_IO_TIMING_FAR_END_VMEAS      ; Half Signal Swing                                                                                     ; --            ; --              ; --               ;
; OUTPUT_IO_TIMING_NEAR_END_VMEAS     ; Half Vccio                                                                                            ; --            ; --              ; --               ;
; OUTPUT_IO_TIMING_NEAR_END_VMEAS     ; Half Vccio                                                                                            ; --            ; --              ; --               ;
; PARTITION_COLOR                     ; 16764057                                                                                              ; --            ; led_ctl_by_uart ; Top              ;
; PARTITION_FITTER_PRESERVATION_LEVEL ; PLACEMENT_AND_ROUTING                                                                                 ; --            ; led_ctl_by_uart ; Top              ;
; PARTITION_NETLIST_TYPE              ; POST_FIT                                                                                              ; --            ; led_ctl_by_uart ; Top              ;
; POWER_BOARD_THERMAL_MODEL           ; None (CONSERVATIVE)                                                                                   ; --            ; --              ; --               ;
; POWER_PRESET_COOLING_SOLUTION       ; 23 MM HEAT SINK WITH 200 LFPM AIRFLOW                                                                 ; --            ; --              ; --               ;
; PROJECT_OUTPUT_DIRECTORY            ; output_files                                                                                          ; --            ; --              ; --               ;
; SLD_FILE                            ; G:/github/BDCDriver/BDCDrv/stp1_auto_stripped.stp                                                     ; --            ; --              ; --               ;
; SLD_NODE_CREATOR_ID                 ; 110                                                                                                   ; --            ; --              ; auto_signaltap_0 ;
; SLD_NODE_ENTITY_NAME                ; sld_signaltap                                                                                         ; --            ; --              ; auto_signaltap_0 ;
; SLD_NODE_PARAMETER_ASSIGNMENT       ; SLD_NODE_INFO=805334528                                                                               ; --            ; --              ; auto_signaltap_0 ;
; SLD_NODE_PARAMETER_ASSIGNMENT       ; SLD_POWER_UP_TRIGGER=0                                                                                ; --            ; --              ; auto_signaltap_0 ;
; SLD_NODE_PARAMETER_ASSIGNMENT       ; SLD_STORAGE_QUALIFIER_INVERSION_MASK_LENGTH=0                                                         ; --            ; --              ; auto_signaltap_0 ;
; SLD_NODE_PARAMETER_ASSIGNMENT       ; SLD_ATTRIBUTE_MEM_MODE=OFF                                                                            ; --            ; --              ; auto_signaltap_0 ;
; SLD_NODE_PARAMETER_ASSIGNMENT       ; SLD_TRIGGER_LEVEL=1                                                                                   ; --            ; --              ; auto_signaltap_0 ;
; SLD_NODE_PARAMETER_ASSIGNMENT       ; SLD_TRIGGER_IN_ENABLED=0                                                                              ; --            ; --              ; auto_signaltap_0 ;
; SLD_NODE_PARAMETER_ASSIGNMENT       ; SLD_TRIGGER_LEVEL_PIPELINE=1                                                                          ; --            ; --              ; auto_signaltap_0 ;
; SLD_NODE_PARAMETER_ASSIGNMENT       ; SLD_STATE_FLOW_USE_GENERATED=0                                                                        ; --            ; --              ; auto_signaltap_0 ;
; SLD_NODE_PARAMETER_ASSIGNMENT       ; SLD_STATE_BITS=11                                                                                     ; --            ; --              ; auto_signaltap_0 ;
; SLD_NODE_PARAMETER_ASSIGNMENT       ; SLD_BUFFER_FULL_STOP=1                                                                                ; --            ; --              ; auto_signaltap_0 ;
; SLD_NODE_PARAMETER_ASSIGNMENT       ; SLD_CURRENT_RESOURCE_WIDTH=1                                                                          ; --            ; --              ; auto_signaltap_0 ;
; SLD_NODE_PARAMETER_ASSIGNMENT       ; SLD_ADVANCED_TRIGGER_ENTITY=basic,1,                                                                  ; --            ; --              ; auto_signaltap_0 ;
; SLD_NODE_PARAMETER_ASSIGNMENT       ; SLD_ENABLE_ADVANCED_TRIGGER=0                                                                         ; --            ; --              ; auto_signaltap_0 ;
; SLD_NODE_PARAMETER_ASSIGNMENT       ; SLD_SEGMENT_SIZE=131072                                                                               ; --            ; --              ; auto_signaltap_0 ;
; SLD_NODE_PARAMETER_ASSIGNMENT       ; SLD_SAMPLE_DEPTH=131072                                                                               ; --            ; --              ; auto_signaltap_0 ;
; SLD_NODE_PARAMETER_ASSIGNMENT       ; SLD_DATA_BITS=17                                                                                      ; --            ; --              ; auto_signaltap_0 ;
; SLD_NODE_PARAMETER_ASSIGNMENT       ; SLD_TRIGGER_BITS=17                                                                                   ; --            ; --              ; auto_signaltap_0 ;
; SLD_NODE_PARAMETER_ASSIGNMENT       ; SLD_INVERSION_MASK=0000000000000000000000000000000000000000000000000000000000000000000000000000000000 ; --            ; --              ; auto_signaltap_0 ;
; SLD_NODE_PARAMETER_ASSIGNMENT       ; SLD_INVERSION_MASK_LENGTH=82                                                                          ; --            ; --              ; auto_signaltap_0 ;
; SLD_NODE_PARAMETER_ASSIGNMENT       ; SLD_NODE_CRC_LOWORD=58896                                                                             ; --            ; --              ; auto_signaltap_0 ;
; SLD_NODE_PARAMETER_ASSIGNMENT       ; SLD_NODE_CRC_HIWORD=20854                                                                             ; --            ; --              ; auto_signaltap_0 ;
; TOP_LEVEL_ENTITY                    ; led_ctl_by_uart                                                                                       ; BDCDrv        ; --              ; --               ;
; USE_SIGNALTAP_FILE                  ; stp1.stp                                                                                              ; --            ; --              ; --               ;
+-------------------------------------+-------------------------------------------------------------------------------------------------------+---------------+-----------------+------------------+


+-------------------------------------------------------------------------------------------------------------------------------+
; Flow Elapsed Time                                                                                                             ;
+---------------------------+--------------+-------------------------+---------------------+------------------------------------+
; Module Name               ; Elapsed Time ; Average Processors Used ; Peak Virtual Memory ; Total CPU Time (on all processors) ;
+---------------------------+--------------+-------------------------+---------------------+------------------------------------+
; Analysis & Synthesis      ; 00:00:06     ; 2.2                     ; 4707 MB             ; 00:00:08                           ;
; Partition Merge           ; 00:00:01     ; 1.0                     ; 4620 MB             ; 00:00:01                           ;
; Fitter                    ; 00:00:11     ; 3.4                     ; 5718 MB             ; 00:00:17                           ;
; Assembler                 ; 00:00:03     ; 1.0                     ; 4587 MB             ; 00:00:03                           ;
; TimeQuest Timing Analyzer ; 00:00:02     ; 1.0                     ; 4752 MB             ; 00:00:03                           ;
; Analysis & Synthesis      ; 00:00:06     ; 1.6                     ; 4704 MB             ; 00:00:06                           ;
; Partition Merge           ; 00:00:01     ; 1.0                     ; 4643 MB             ; 00:00:01                           ;
; Fitter                    ; 00:00:10     ; 4.4                     ; 5725 MB             ; 00:00:16                           ;
; Assembler                 ; 00:00:02     ; 1.0                     ; 4576 MB             ; 00:00:03                           ;
; TimeQuest Timing Analyzer ; 00:00:02     ; 1.0                     ; 4758 MB             ; 00:00:02                           ;
; Analysis & Synthesis      ; 00:00:04     ; 1.5                     ; 4699 MB             ; 00:00:05                           ;
; Partition Merge           ; 00:00:01     ; 1.0                     ; 4620 MB             ; 00:00:01                           ;
; Fitter                    ; 00:00:10     ; 1.0                     ; 5730 MB             ; 00:00:16                           ;
; Assembler                 ; 00:00:03     ; 1.0                     ; 4576 MB             ; 00:00:03                           ;
; TimeQuest Timing Analyzer ; 00:00:02     ; 1.0                     ; 4759 MB             ; 00:00:02                           ;
; EDA Netlist Writer        ; 00:00:01     ; 1.0                     ; 4549 MB             ; 00:00:00                           ;
; Analysis & Synthesis      ; 00:00:02     ; 1.0                     ; 4673 MB             ; 00:00:02                           ;
; Partition Merge           ; 00:00:01     ; 1.0                     ; 4648 MB             ; 00:00:01                           ;
; Fitter                    ; 00:00:11     ; 3.1                     ; 5724 MB             ; 00:00:16                           ;
; Assembler                 ; 00:00:02     ; 1.0                     ; 4576 MB             ; 00:00:03                           ;
; TimeQuest Timing Analyzer ; 00:00:02     ; 1.0                     ; 4759 MB             ; 00:00:03                           ;
; Total                     ; 00:01:23     ; --                      ; --                  ; 00:01:52                           ;
+---------------------------+--------------+-------------------------+---------------------+------------------------------------+


+----------------------------------------------------------------------------------------+
; Flow OS Summary                                                                        ;
+---------------------------+------------------+-----------+------------+----------------+
; Module Name               ; Machine Hostname ; OS Name   ; OS Version ; Processor type ;
+---------------------------+------------------+-----------+------------+----------------+
; Analysis & Synthesis      ; BF-202007251750  ; Windows 7 ; 6.2        ; x86_64         ;
; Partition Merge           ; BF-202007251750  ; Windows 7 ; 6.2        ; x86_64         ;
; Fitter                    ; BF-202007251750  ; Windows 7 ; 6.2        ; x86_64         ;
; Assembler                 ; BF-202007251750  ; Windows 7 ; 6.2        ; x86_64         ;
; TimeQuest Timing Analyzer ; BF-202007251750  ; Windows 7 ; 6.2        ; x86_64         ;
; Analysis & Synthesis      ; BF-202007251750  ; Windows 7 ; 6.2        ; x86_64         ;
; Partition Merge           ; BF-202007251750  ; Windows 7 ; 6.2        ; x86_64         ;
; Fitter                    ; BF-202007251750  ; Windows 7 ; 6.2        ; x86_64         ;
; Assembler                 ; BF-202007251750  ; Windows 7 ; 6.2        ; x86_64         ;
; TimeQuest Timing Analyzer ; BF-202007251750  ; Windows 7 ; 6.2        ; x86_64         ;
; Analysis & Synthesis      ; BF-202007251750  ; Windows 7 ; 6.2        ; x86_64         ;
; Partition Merge           ; BF-202007251750  ; Windows 7 ; 6.2        ; x86_64         ;
; Fitter                    ; BF-202007251750  ; Windows 7 ; 6.2        ; x86_64         ;
; Assembler                 ; BF-202007251750  ; Windows 7 ; 6.2        ; x86_64         ;
; TimeQuest Timing Analyzer ; BF-202007251750  ; Windows 7 ; 6.2        ; x86_64         ;
; EDA Netlist Writer        ; BF-202007251750  ; Windows 7 ; 6.2        ; x86_64         ;
; Analysis & Synthesis      ; BF-202007251750  ; Windows 7 ; 6.2        ; x86_64         ;
; Partition Merge           ; BF-202007251750  ; Windows 7 ; 6.2        ; x86_64         ;
; Fitter                    ; BF-202007251750  ; Windows 7 ; 6.2        ; x86_64         ;
; Assembler                 ; BF-202007251750  ; Windows 7 ; 6.2        ; x86_64         ;
; TimeQuest Timing Analyzer ; BF-202007251750  ; Windows 7 ; 6.2        ; x86_64         ;
+---------------------------+------------------+-----------+------------+----------------+


------------
; Flow Log ;
------------
quartus_map --read_settings_files=on --write_settings_files=off BDCDrv -c BDCDrv
quartus_cdb --read_settings_files=off --write_settings_files=off BDCDrv -c BDCDrv --merge=on
quartus_fit --read_settings_files=off --write_settings_files=off BDCDrv -c BDCDrv
quartus_asm --read_settings_files=off --write_settings_files=off BDCDrv -c BDCDrv
quartus_sta BDCDrv -c BDCDrv
quartus_map --read_settings_files=on --write_settings_files=off BDCDrv -c BDCDrv
quartus_cdb --read_settings_files=off --write_settings_files=off BDCDrv -c BDCDrv --merge=on
quartus_fit --read_settings_files=off --write_settings_files=off BDCDrv -c BDCDrv
quartus_asm --read_settings_files=off --write_settings_files=off BDCDrv -c BDCDrv
quartus_sta BDCDrv -c BDCDrv
quartus_map --read_settings_files=on --write_settings_files=off BDCDrv -c BDCDrv
quartus_cdb --read_settings_files=off --write_settings_files=off BDCDrv -c BDCDrv --merge=on
quartus_fit --read_settings_files=off --write_settings_files=off BDCDrv -c BDCDrv
quartus_asm --read_settings_files=off --write_settings_files=off BDCDrv -c BDCDrv
quartus_sta BDCDrv -c BDCDrv
quartus_eda --read_settings_files=on --write_settings_files=off BDCDrv -c BDCDrv --gen_testbench
quartus_map --read_settings_files=on --write_settings_files=off BDCDrv -c BDCDrv
quartus_cdb --read_settings_files=off --write_settings_files=off BDCDrv -c BDCDrv --merge=on
quartus_fit --read_settings_files=off --write_settings_files=off BDCDrv -c BDCDrv
quartus_asm --read_settings_files=off --write_settings_files=off BDCDrv -c BDCDrv
quartus_sta BDCDrv -c BDCDrv



